-------------------------------------------------------------------------------
Test set: com.ssafy.axios.AxiosApiApplicationTests
-------------------------------------------------------------------------------
Tests run: 1, Failures: 0, Errors: 1, Skipped: 0, Time elapsed: 0.625 s <<< FAILURE! - in com.ssafy.axios.AxiosApiApplicationTests
com.ssafy.axios.AxiosApiApplicationTests  Time elapsed: 0.624 s  <<< ERROR!
java.lang.IllegalStateException: Unable to find a @SpringBootConfiguration, you need to use @ContextConfiguration or @SpringBootTest(classes=...) with your test

